[debug] [2025-07-08T12:54:35.846Z] ----------------------------------------------------------------------
[debug] [2025-07-08T12:54:35.848Z] Command:       C:\Program Files\nodejs\node.exe C:\Users\HP\AppData\Roaming\npm\node_modules\firebase-tools\lib\bin\firebase.js init hosting
[debug] [2025-07-08T12:54:35.849Z] CLI Version:   14.9.0
[debug] [2025-07-08T12:54:35.849Z] Platform:      win32
[debug] [2025-07-08T12:54:35.849Z] Node Version:  v22.15.0
[debug] [2025-07-08T12:54:35.849Z] Time:          Tue Jul 08 2025 18:24:35 GMT+0530 (India Standard Time)
[debug] [2025-07-08T12:54:35.849Z] ----------------------------------------------------------------------
[debug] 
[debug] [2025-07-08T12:54:35.854Z] > command requires scopes: ["email","openid","https://www.googleapis.com/auth/cloudplatformprojects.readonly","https://www.googleapis.com/auth/firebase","https://www.googleapis.com/auth/cloud-platform"]
[debug] [2025-07-08T12:54:35.854Z] > authorizing via signed-in user (mansimandre19@gmail.com)
[info] 
     ######## #### ########  ######## ########     ###     ######  ########
     ##        ##  ##     ## ##       ##     ##  ##   ##  ##       ##
     ######    ##  ########  ######   ########  #########  ######  ######
     ##        ##  ##    ##  ##       ##     ## ##     ##       ## ##
     ##       #### ##     ## ######## ########  ##     ##  ######  ########

You're about to initialize a Firebase project in this directory:

  D:\My Personal Projects\BelgianWaffleWebsite\belgian-waffle-website

[info] 
=== Project Setup
[info] 
[info] First, let's associate this project directory with a Firebase project.
[info] You can create multiple project aliases by running firebase use --add, 
[info] but for now we'll just set up a default project.
[info] 
[debug] [2025-07-08T12:54:44.378Z] Checked if tokens are valid: true, expires at: 1751982547364
[debug] [2025-07-08T12:54:44.378Z] Checked if tokens are valid: true, expires at: 1751982547364
[debug] [2025-07-08T12:54:44.380Z] >>> [apiv2][query] GET https://firebase.googleapis.com/v1beta1/projects pageSize=100
[debug] [2025-07-08T12:54:45.244Z] <<< [apiv2][status] GET https://firebase.googleapis.com/v1beta1/projects 200
[debug] [2025-07-08T12:54:45.244Z] <<< [apiv2][body] GET https://firebase.googleapis.com/v1beta1/projects [omitted]
[info] i  Using project websitelogin-8fc0a (WebsiteLogin) 
[info] 
=== Hosting Setup
[debug] [2025-07-08T12:54:46.835Z] Checked if tokens are valid: true, expires at: 1751982547364
[debug] [2025-07-08T12:54:46.835Z] Checked if tokens are valid: true, expires at: 1751982547364
[debug] [2025-07-08T12:54:46.835Z] >>> [apiv2][query] GET https://firebase.googleapis.com/v1beta1/projects/websitelogin-8fc0a [none]
[debug] [2025-07-08T12:54:47.286Z] <<< [apiv2][status] GET https://firebase.googleapis.com/v1beta1/projects/websitelogin-8fc0a 200
[debug] [2025-07-08T12:54:47.286Z] <<< [apiv2][body] GET https://firebase.googleapis.com/v1beta1/projects/websitelogin-8fc0a {"projectId":"websitelogin-8fc0a","projectNumber":"476462880492","displayName":"WebsiteLogin","name":"projects/websitelogin-8fc0a","resources":{"hostingSite":"websitelogin-8fc0a"},"state":"ACTIVE","etag":"1_99e0a1be-a7e9-4f21-a327-9ff8a4cb044b"}
[info] 
[info] Your public directory is the folder (relative to your project directory) that
[info] will contain Hosting assets to be uploaded with firebase deploy. If you
[info] have a build process for your assets, use your build's output directory.
[info] 
[debug] [2025-07-08T12:54:58.964Z] >>> [apiv2][query] GET https://www.gstatic.com/firebasejs/releases.json [none]
[debug] [2025-07-08T12:54:59.371Z] <<< [apiv2][status] GET https://www.gstatic.com/firebasejs/releases.json 200
[debug] [2025-07-08T12:54:59.371Z] <<< [apiv2][body] GET https://www.gstatic.com/firebasejs/releases.json {"current":{"version":"11.10.0","browserURL":"https://www.gstatic.com/firebasejs/11.10.0/firebase.js","packageURL":"https://www.gstatic.com/firebasejs/11.10.0/firebase.tgz"},"live":{"version":"11.10","browserURL":"https://www.gstatic.com/firebasejs/live/11.10/firebase.js","packageURL":"https://www.gstatic.com/firebasejs/live/11.10/firebase.tgz"},"components":{"ai":"https://www.gstatic.com/firebasejs/11.10.0/firebase-ai.js","analytics":"https://www.gstatic.com/firebasejs/11.10.0/firebase-analytics.js","app":"https://www.gstatic.com/firebasejs/11.10.0/firebase-app.js","app-check":"https://www.gstatic.com/firebasejs/11.10.0/firebase-app-check.js","auth":"https://www.gstatic.com/firebasejs/11.10.0/firebase-auth.js","auth/cordova":"https://www.gstatic.com/firebasejs/11.10.0/firebase-auth/cordova.js","auth/web-extension":"https://www.gstatic.com/firebasejs/11.10.0/firebase-auth/web-extension.js","functions":"https://www.gstatic.com/firebasejs/11.10.0/firebase-functions.js","firestore":"https://www.gstatic.com/firebasejs/11.10.0/firebase-firestore.js","firestore/lite":"https://www.gstatic.com/firebasejs/11.10.0/firebase-firestore/lite.js","installations":"https://www.gstatic.com/firebasejs/11.10.0/firebase-installations.js","storage":"https://www.gstatic.com/firebasejs/11.10.0/firebase-storage.js","performance":"https://www.gstatic.com/firebasejs/11.10.0/firebase-performance.js","remote-config":"https://www.gstatic.com/firebasejs/11.10.0/firebase-remote-config.js","messaging":"https://www.gstatic.com/firebasejs/11.10.0/firebase-messaging.js","messaging/sw":"https://www.gstatic.com/firebasejs/11.10.0/firebase-messaging/sw.js","database":"https://www.gstatic.com/firebasejs/11.10.0/firebase-database.js","vertexai":"https://www.gstatic.com/firebasejs/11.10.0/firebase-vertexai.js","data-connect":"https://www.gstatic.com/firebasejs/11.10.0/firebase-data-connect.js","firestore.memory":"https://www.gstatic.com/firebasejs/11.10.0/firebase-firestore.memory.js"}}
[info] +  Wrote public/index.html 
[info] 
[info] i  Detected a .git folder at D:\My Personal Projects\BelgianWaffleWebsite\belgian-waffle-website 
[info] i  Authorizing with GitHub to upload your service account to a GitHub repository's secrets store. 
[info] 
[info] Visit this URL on this device to log in:
[info] https://github.com/login/oauth/authorize?client_id=89cf50f02ac6aaed3484&state=33957929&redirect_uri=http%3A%2F%2Flocalhost%3A9005&scope=read%3Auser%20repo%20public_repo
[info] 
[info] Waiting for authentication...
[debug] [2025-07-08T12:55:24.321Z] >>> [apiv2][query] POST https://github.com/login/oauth/access_token [none]
[debug] [2025-07-08T12:55:24.321Z] >>> [apiv2][body] POST https://github.com/login/oauth/access_token [stream]
[debug] [2025-07-08T12:55:24.970Z] <<< [apiv2][status] POST https://github.com/login/oauth/access_token 200
[debug] [2025-07-08T12:55:24.970Z] <<< [apiv2][body] POST https://github.com/login/oauth/access_token {"access_token":"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","token_type":"bearer","scope":"read:user,repo"}
[debug] [2025-07-08T12:55:24.984Z] >>> [apiv2][query] GET https://api.github.com/user [none]
[debug] [2025-07-08T12:55:25.594Z] <<< [apiv2][status] GET https://api.github.com/user 200
[debug] [2025-07-08T12:55:25.594Z] <<< [apiv2][body] GET https://api.github.com/user {"login":"MansiMandre","id":109135459,"node_id":"U_kgDOBoFGYw","avatar_url":"https://avatars.githubusercontent.com/u/109135459?v=4","gravatar_id":"","url":"https://api.github.com/users/MansiMandre","html_url":"https://github.com/MansiMandre","followers_url":"https://api.github.com/users/MansiMandre/followers","following_url":"https://api.github.com/users/MansiMandre/following{/other_user}","gists_url":"https://api.github.com/users/MansiMandre/gists{/gist_id}","starred_url":"https://api.github.com/users/MansiMandre/starred{/owner}{/repo}","subscriptions_url":"https://api.github.com/users/MansiMandre/subscriptions","organizations_url":"https://api.github.com/users/MansiMandre/orgs","repos_url":"https://api.github.com/users/MansiMandre/repos","events_url":"https://api.github.com/users/MansiMandre/events{/privacy}","received_events_url":"https://api.github.com/users/MansiMandre/received_events","type":"User","user_view_type":"private","site_admin":false,"name":"Mansi Mandre","company":null,"blog":"","location":null,"email":null,"hireable":null,"bio":null,"twitter_username":null,"notification_email":null,"public_repos":19,"public_gists":0,"followers":0,"following":0,"created_at":"2022-07-12T07:25:08Z","updated_at":"2025-07-08T12:55:14Z","private_gists":0,"total_private_repos":3,"owned_private_repos":3,"disk_usage":214704,"collaborators":2,"two_factor_authentication":false,"plan":{"name":"free","space":976562499,"collaborators":0,"private_repos":10000}}
[info] 
[info] +  Success! Logged into GitHub as MansiMandre 
[info] 
[debug] [2025-07-08T12:55:46.676Z] ExitPromptError: User force closed the prompt with SIGINT
    at Interface.sigint (C:\Users\HP\AppData\Roaming\npm\node_modules\firebase-tools\node_modules\@inquirer\core\dist\commonjs\lib\create-prompt.js:101:37)
    at Interface.emit (node:events:518:28)
    at Interface.emit (node:domain:489:12)
    at [_ttyWrite] [as _ttyWrite] (node:internal/readline/interface:1128:18)
    at ReadStream.onkeypress (node:internal/readline/interface:267:20)
    at ReadStream.emit (node:events:530:35)
    at ReadStream.emit (node:domain:489:12)
    at emitKeys (node:internal/readline/utils:370:14)
    at emitKeys.next (<anonymous>)
    at ReadStream.onData (node:internal/readline/emitKeypressEvents:64:36)
[error] 
[error] Error: An unexpected error has occurred.
